<?xml version="1.0" encoding="utf-8"?><testsuites name="pytest tests"><testsuite name="pytest" errors="0" failures="1" skipped="0" tests="10" time="16.385" timestamp="2026-08-18T08:27:56.591854+00:00" hostname="agent-env-c2317b9b-a67c-4475-8dd7-ebee6ab641bb"><testcase classname="tests.test_admin_tools" name="test_admin_me" time="10.880" /><testcase classname="tests.test_admin_tools" name="test_calendar_matchday_1" time="0.316" /><testcase classname="tests.test_admin_tools" name="test_deadlines_list" time="0.331" /><testcase classname="tests.test_admin_tools" name="test_deadline_upsert_md5_and_verify" time="0.668" /><testcase classname="tests.test_admin_tools" name="test_bonus_configs_list" time="0.327" /><testcase classname="tests.test_admin_tools" name="test_bonus_available_for_player" time="1.480"><failure message="AssertionError: thebesttiket: 400 {&quot;detail&quot;:&quot;Gioco non valido&quot;}&#10;assert 400 == 200&#10; +  where 400 = &lt;Response [400]&gt;.status_code">backend/tests/test_admin_tools.py:96: in test_bonus_available_for_player
    assert r.status_code == 200, f"{game}: {r.status_code} {r.text}"
E   AssertionError: thebesttiket: 400 {"detail":"Gioco non valido"}
E   assert 400 == 200
E    +  where 400 = &lt;Response [400]&gt;.status_code</failure></testcase><testcase classname="tests.test_admin_tools" name="test_auth_users_list" time="0.308" /><testcase classname="tests.test_admin_tools" name="test_reminders_settings" time="0.359" /><testcase classname="tests.test_admin_tools" name="test_games_hub" time="0.765" /><testcase classname="tests.test_admin_tools" name="test_settle_matchday_preview" time="0.368" /></testsuite></testsuites>