<?xml version="1.0" encoding="utf-8"?><testsuites name="pytest tests"><testsuite name="pytest" errors="0" failures="0" skipped="0" tests="8" time="70.947" timestamp="2026-08-18T09:11:17.955249+00:00" hostname="agent-env-c2317b9b-a67c-4475-8dd7-ebee6ab641bb"><testcase classname="tests.test_archive_buttons.TestSurvivalArchive" name="test_archive_flow" time="19.712" /><testcase classname="tests.test_archive_buttons.TestSurvivalArchive" name="test_player_cannot_archive" time="16.534" /><testcase classname="tests.test_archive_buttons.TestSalArchive" name="test_archive_flow" time="10.038" /><testcase classname="tests.test_archive_buttons.TestSalArchive" name="test_player_cannot_archive" time="7.859" /><testcase classname="tests.test_archive_buttons.TestTiketArchive" name="test_archive_flow" time="5.676" /><testcase classname="tests.test_archive_buttons.TestTiketArchive" name="test_player_cannot_archive" time="3.238" /><testcase classname="tests.test_archive_buttons.TestFgArchive" name="test_archive_flow" time="4.635" /><testcase classname="tests.test_archive_buttons.TestFgArchive" name="test_player_cannot_archive" time="3.133" /></testsuite></testsuites>