<?xml version="1.0" encoding="utf-8"?><testsuites name="pytest tests"><testsuite name="pytest" errors="0" failures="0" skipped="0" tests="8" time="57.146" timestamp="2026-08-18T08:50:47.490834+00:00" hostname="agent-env-c2317b9b-a67c-4475-8dd7-ebee6ab641bb"><testcase classname="tests.test_delete_buttons.TestSurvivalDelete" name="test_create_and_delete" time="29.385" /><testcase classname="tests.test_delete_buttons.TestSalDelete" name="test_create_and_delete_no_picks" time="16.014" /><testcase classname="tests.test_delete_buttons.TestSalDelete" name="test_player_cannot_delete" time="8.361" /><testcase classname="tests.test_delete_buttons.TestFgDelete" name="test_create_and_delete" time="2.984" /><testcase classname="tests.test_delete_buttons.TestFgDelete" name="test_player_cannot_delete" time="3.125" /><testcase classname="tests.test_delete_buttons.TestSurvivalDelete" name="test_player_cannot_delete" time="17.030" /><testcase classname="tests.test_delete_buttons.TestTiketDelete" name="test_create_and_delete" time="7.061" /><testcase classname="tests.test_delete_buttons.TestTiketDelete" name="test_player_cannot_delete" time="3.106" /></testsuite></testsuites>