<?xml version="1.0" encoding="utf-8"?><testsuites name="pytest tests"><testsuite name="pytest" errors="0" failures="0" skipped="0" tests="18" time="14.124" timestamp="2026-08-17T15:57:08.440837+00:00" hostname="agent-env-c2317b9b-a67c-4475-8dd7-ebee6ab641bb"><testcase classname="tests.test_iter6_features.TestExportPDF" name="test_export_pdf_admin_ok" time="9.415" /><testcase classname="tests.test_iter6_features.TestImportVotiGuidato" name="test_upload_pdf_requires_pdf_extension" time="9.527" /><testcase classname="tests.test_iter6_features.TestImportVotiGuidato" name="test_upload_pdf_invalid_content_dryrun" time="0.463" /><testcase classname="tests.test_iter6_features.TestExportPDF" name="test_export_pdf_non_admin_forbidden" time="0.772" /><testcase classname="tests.test_iter6_features.TestImportVotiGuidato" name="test_upload_pdf_dryrun_param_accepted" time="0.288" /><testcase classname="tests.test_iter6_features.TestExportPDF" name="test_export_pdf_unauth" time="0.156" /><testcase classname="tests.test_iter6_features.TestExportPDF" name="test_export_pdf_empty_sections" time="0.416" /><testcase classname="tests.test_iter6_features.TestDeadlinesAndAutoNotify" name="test_deadlines_current_ok" time="0.361" /><testcase classname="tests.test_iter6_features.TestImportVotiGuidato" name="test_upload_pdf_non_admin_forbidden" time="0.721" /><testcase classname="tests.test_iter6_features.TestImportVotiGuidato" name="test_upload_xlsx_dryrun_400_on_bogus" time="0.412" /><testcase classname="tests.test_iter6_features.TestDeadlinesAndAutoNotify" name="test_deadlines_list_ok" time="0.544" /><testcase classname="tests.test_iter6_features.TestHealthAndAutoNotify" name="test_root_ok" time="0.190" /><testcase classname="tests.test_iter6_features.TestHealthAndAutoNotify" name="test_admin_me" time="0.276" /><testcase classname="tests.test_iter6_features.TestDeadlinesAndAutoNotify" name="test_set_and_get_future_deadline" time="1.727" /><testcase classname="tests.test_iter6_features.TestHealthAndAutoNotify" name="test_player_me" time="0.232" /><testcase classname="tests.test_iter6_features.TestRegressionSmoke" name="test_hub_games" time="0.818" /><testcase classname="tests.test_iter6_features.TestRegressionSmoke" name="test_admin_login_invalid" time="0.450" /><testcase classname="tests.test_iter6_features.TestDeadlinesAndAutoNotify" name="test_backend_still_healthy_after_deadline_ops" time="0.193" /></testsuite></testsuites>