<?xml version="1.0" encoding="utf-8"?><testsuites name="pytest tests"><testsuite name="pytest" errors="0" failures="0" skipped="0" tests="11" time="43.737" timestamp="2026-08-17T14:34:56.069312+00:00" hostname="agent-env-c2317b9b-a67c-4475-8dd7-ebee6ab641bb"><testcase classname="tests.test_iter5_features.TestTargetedPush" name="test_broadcast_targeted_qa_player" time="1.444" /><testcase classname="tests.test_iter5_features.TestFantaGiornataResults" name="test_create_league" time="4.177" /><testcase classname="tests.test_iter5_features.TestTargetedPush" name="test_broadcast_targeted_nonexistent_user_zero" time="0.407" /><testcase classname="tests.test_iter5_features.TestTargetedPush" name="test_broadcast_non_admin_forbidden" time="0.596" /><testcase classname="tests.test_iter5_features.TestTargetedPush" name="test_broadcast_without_user_ids_broadcasts_all" time="0.416" /><testcase classname="tests.test_iter5_features.TestSurvivalHistory" name="test_create_sv_and_list_matchdays" time="32.573" /><testcase classname="tests.test_iter5_features.TestFantaGiornataResults" name="test_results_empty" time="0.423" /><testcase classname="tests.test_iter5_features.TestFantaGiornataResults" name="test_settle_no_voti_documents_behavior" time="0.424" /><testcase classname="tests.test_iter5_features.TestFantaGiornataResults" name="test_leaderboard" time="0.545" /><testcase classname="tests.test_iter5_features.TestSurvivalHistory" name="test_summary_by_id" time="0.533" /><testcase classname="tests.test_iter5_features.TestScoreAndLiveHistory" name="test_history_endpoint" time="7.256" /></testsuite></testsuites>