<?xml version="1.0" encoding="utf-8"?><testsuites name="pytest tests"><testsuite name="pytest" errors="0" failures="1" skipped="0" tests="24" time="20.665" timestamp="2026-08-17T13:52:47.048607+00:00" hostname="agent-env-c2317b9b-a67c-4475-8dd7-ebee6ab641bb"><testcase classname="tests.test_new_features.TestAdminPanel" name="test_deadlines_put_current" time="2.908" /><testcase classname="tests.test_new_features.TestScoreAndLive" name="test_create_tournament_auto_enroll_admin" time="9.950" /><testcase classname="tests.test_new_features.TestAdminPanel" name="test_deadlines_requires_admin" time="0.577" /><testcase classname="tests.test_new_features.TestAdminPanel" name="test_push_broadcast" time="0.434" /><testcase classname="tests.test_new_features.TestAdminPanel" name="test_broadcast_requires_admin" time="0.177" /><testcase classname="tests.test_new_features.TestAdminPanel" name="test_voti_upload_pdf_auth" time="0.257" /><testcase classname="tests.test_new_features.TestAdminPanel" name="test_voti_upload_xlsx_auth" time="0.367" /><testcase classname="tests.test_new_features.TestAdminPanel" name="test_settle_state" time="0.854" /><testcase classname="tests.test_new_features.TestAdminPanel" name="test_settle_commit_reachable" time="0.289" /><testcase classname="tests.test_new_features.TestBonus" name="test_available_survival" time="0.734" /><testcase classname="tests.test_new_features.TestBonus" name="test_available_score_first_scorer" time="0.399" /><testcase classname="tests.test_new_features.TestBonus" name="test_eligibility_endpoint" time="0.838" /><testcase classname="tests.test_new_features.TestBonus" name="test_submit_exact_survival" time="1.589" /><testcase classname="tests.test_new_features.TestBonus" name="test_submit_exact_wrong_subscription" time="0.427" /><testcase classname="tests.test_new_features.TestSchedinaOCR" name="test_create_room_and_join" time="3.303" /><testcase classname="tests.test_new_features.TestScoreAndLive" name="test_by_code_preview" time="0.687" /><testcase classname="tests.test_new_features.TestScoreAndLive" name="test_player_joins" time="1.082" /><testcase classname="tests.test_new_features.TestScoreAndLive" name="test_get_tournament_detail" time="1.386" /><testcase classname="tests.test_new_features.TestScoreAndLive" name="test_matchday_detail" time="0.509" /><testcase classname="tests.test_new_features.TestSchedinaOCR" name="test_ocr_endpoint_reachable" time="5.619"><failure message="AssertionError: unexpected 500: Internal Server Error&#10;assert 500 in (200, 400)&#10; +  where 500 = &lt;Response [500]&gt;.status_code">tests/test_new_features.py:109: in test_ocr_endpoint_reachable
    assert r.status_code in (200, 400), f"unexpected {r.status_code}: {r.text}"
E   AssertionError: unexpected 500: Internal Server Error
E   assert 500 in (200, 400)
E    +  where 500 = &lt;Response [500]&gt;.status_code</failure></testcase><testcase classname="tests.test_new_features.TestScoreAndLive" name="test_players_by_team" time="2.260" /><testcase classname="tests.test_new_features.TestScoreAndLive" name="test_submit_picks" time="2.044" /><testcase classname="tests.test_new_features.TestSchedinaOCR" name="test_get_my_schedina" time="0.513" /><testcase classname="tests.test_new_features.TestGamesEnabledFlags" name="test_scoreandlive_enabled" time="0.758" /></testsuite></testsuites>