<?xml version="1.0" encoding="utf-8"?><testsuites name="pytest tests"><testsuite name="pytest" errors="0" failures="0" skipped="0" tests="10" time="14.859" timestamp="2026-08-17T16:12:08.765585+00:00" hostname="agent-env-c2317b9b-a67c-4475-8dd7-ebee6ab641bb"><testcase classname="tests.test_iter7_reminders" name="test_backend_healthy" time="8.803" /><testcase classname="tests.test_iter7_reminders" name="test_get_reminders_admin_default" time="2.017" /><testcase classname="tests.test_iter7_reminders" name="test_get_reminders_unauthenticated" time="0.157" /><testcase classname="tests.test_iter7_reminders" name="test_get_reminders_player_forbidden" time="0.751" /><testcase classname="tests.test_iter7_reminders" name="test_put_reminders_player_forbidden" time="0.245" /><testcase classname="tests.test_iter7_reminders" name="test_put_reminders_unauthenticated" time="0.179" /><testcase classname="tests.test_iter7_reminders" name="test_put_reminders_validation_dedupe_sort_clamp" time="0.340" /><testcase classname="tests.test_iter7_reminders" name="test_put_reminders_persistence" time="0.725" /><testcase classname="tests.test_iter7_reminders" name="test_put_reminders_empty_list_uses_default_on_get" time="0.727" /><testcase classname="tests.test_iter7_reminders" name="test_restore_defaults" time="0.400" /></testsuite></testsuites>