<?xml version="1.0" encoding="utf-8"?><testsuites name="pytest tests"><testsuite name="pytest" errors="0" failures="0" skipped="0" tests="26" time="74.496" timestamp="2026-08-17T14:12:19.279290+00:00" hostname="agent-env-c2317b9b-a67c-4475-8dd7-ebee6ab641bb"><testcase classname="tests.test_iter4_features.TestUserManagement" name="test_create_throwaway_player" time="12.547" /><testcase classname="tests.test_iter4_features.TestFantaGiornata" name="test_create_league_admin" time="13.385" /><testcase classname="tests.test_iter4_features.TestUserManagement" name="test_list_users_no_hash" time="0.707" /><testcase classname="tests.test_iter4_features.TestFantaGiornata" name="test_list_leagues" time="1.699" /><testcase classname="tests.test_iter4_features.TestUserManagement" name="test_list_users_player_forbidden" time="0.605" /><testcase classname="tests.test_iter4_features.TestUserManagement" name="test_block_unblock_user" time="1.616" /><testcase classname="tests.test_iter4_features.TestFantaGiornata" name="test_get_league_detail" time="1.119" /><testcase classname="tests.test_iter4_features.TestUserManagement" name="test_reset_password" time="1.044" /><testcase classname="tests.test_iter4_features.TestFantaGiornata" name="test_list_invites" time="0.522" /><testcase classname="tests.test_iter4_features.TestUserManagement" name="test_block_endpoints_require_admin" time="0.375" /><testcase classname="tests.test_iter4_features.TestFantaGiornata" name="test_create_invite" time="1.016" /><testcase classname="tests.test_iter4_features.TestUserManagement" name="test_cleanup_throwaway" time="1.504" /><testcase classname="tests.test_iter4_features.TestFantaGiornata" name="test_revoke_invite" time="0.510" /><testcase classname="tests.test_iter4_features.TestInvitesManagerAllGames" name="test_tiket_room_invites" time="3.845" /><testcase classname="tests.test_iter4_features.TestFantaGiornata" name="test_by_code_preview" time="0.900" /><testcase classname="tests.test_iter4_features.TestFantaGiornata" name="test_player_joins" time="0.952" /><testcase classname="tests.test_iter4_features.TestFantaGiornata" name="test_players_search_by_role" time="1.626" /><testcase classname="tests.test_iter4_features.TestFantaGiornata" name="test_save_lineup_343" time="1.905" /><testcase classname="tests.test_iter4_features.TestInvitesManagerAllGames" name="test_survival_invites" time="16.863" /><testcase classname="tests.test_iter4_features.TestFantaGiornata" name="test_get_lineup" time="0.396" /><testcase classname="tests.test_iter4_features.TestFantaGiornata" name="test_leaderboard" time="0.505" /><testcase classname="tests.test_iter4_features.TestFantaGiornata" name="test_all_lineups_visibility" time="0.916" /><testcase classname="tests.test_iter4_features.TestGamesAllEnabled" name="test_all_four_games_enabled" time="0.736" /><testcase classname="tests.test_iter4_features.TestInvitesManagerAllGames" name="test_scoreandlive_invites" time="8.337" /><testcase classname="tests.test_iter4_features.TestMatchdaySummaries" name="test_survival_summary" time="16.393" /><testcase classname="tests.test_iter4_features.TestMatchdaySummaries" name="test_scoreandlive_summary" time="9.475" /></testsuite></testsuites>