<?xml version="1.0" encoding="utf-8"?><testsuites name="pytest tests"><testsuite name="pytest" errors="0" failures="0" skipped="2" tests="6" time="8.171" timestamp="2026-08-18T12:56:12.981677+00:00" hostname="agent-env-c2317b9b-a67c-4475-8dd7-ebee6ab641bb"><testcase classname="tests.test_bugfix_iter14" name="test_admin_login_200" time="0.636" /><testcase classname="tests.test_bugfix_iter14" name="test_player_login_200" time="0.509" /><testcase classname="tests.test_bugfix_iter14" name="test_bonus_results_no_raw_json_in_response" time="0.163"><skipped type="pytest.skip" message="bonus/admin/games endpoint not present">/app/backend/tests/test_bugfix_iter14.py:54: bonus/admin/games endpoint not present</skipped></testcase><testcase classname="tests.test_bugfix_iter14" name="test_bonus_public_endpoint" time="0.313"><skipped type="pytest.skip" message="bonus public endpoint not found">/app/backend/tests/test_bugfix_iter14.py:71: bonus public endpoint not found</skipped></testcase><testcase classname="tests.test_bugfix_iter14" name="test_survival_current_matchday_has_fixtures" time="0.983" /><testcase classname="tests.test_bugfix_iter14" name="test_exclusion_propagates_and_hides_fixture" time="5.043" /></testsuite></testsuites>