<?xml version="1.0" encoding="utf-8"?><testsuites name="pytest tests"><testsuite name="pytest" errors="0" failures="0" skipped="0" tests="25" time="22.278" timestamp="2026-08-17T13:34:39.888007+00:00" hostname="agent-env-c2317b9b-a67c-4475-8dd7-ebee6ab641bb"><testcase classname="tests.test_rinomagic_flows.TestAuth" name="test_admin_login" time="0.616" /><testcase classname="tests.test_rinomagic_flows.TestAuth" name="test_player_login" time="0.402" /><testcase classname="tests.test_rinomagic_flows.TestSurvival" name="test_create_tournament_auto_enroll_admin" time="16.910" /><testcase classname="tests.test_rinomagic_flows.TestAuth" name="test_auth_me_admin" time="0.710" /><testcase classname="tests.test_rinomagic_flows.TestAuth" name="test_auth_me_player" time="0.557" /><testcase classname="tests.test_rinomagic_flows.TestAuth" name="test_admin_wrong_password" time="0.391" /><testcase classname="tests.test_rinomagic_flows.TestAuth" name="test_player_wrong_password" time="0.392" /><testcase classname="tests.test_rinomagic_flows.TestAuth" name="test_me_requires_token" time="0.053" /><testcase classname="tests.test_rinomagic_flows.TestTiket" name="test_create_room" time="2.012" /><testcase classname="tests.test_rinomagic_flows.TestTiket" name="test_list_rooms_filter_game" time="1.192" /><testcase classname="tests.test_rinomagic_flows.TestTiket" name="test_player_joins_room" time="1.093" /><testcase classname="tests.test_rinomagic_flows.TestTiket" name="test_get_room" time="0.851" /><testcase classname="tests.test_rinomagic_flows.TestTiket" name="test_leaderboard" time="0.513" /><testcase classname="tests.test_rinomagic_flows.TestTiket" name="test_members" time="0.630" /><testcase classname="tests.test_rinomagic_flows.TestPWA" name="test_manifest" time="0.059" /><testcase classname="tests.test_rinomagic_flows.TestPWA" name="test_sw" time="0.063" /><testcase classname="tests.test_rinomagic_flows.TestPWA" name="test_vapid" time="0.057" /><testcase classname="tests.test_rinomagic_flows.TestGames" name="test_list_games_shape" time="0.737" /><testcase classname="tests.test_rinomagic_flows.TestSurvival" name="test_get_tournament" time="0.628" /><testcase classname="tests.test_rinomagic_flows.TestSurvival" name="test_current_matchday" time="0.852" /><testcase classname="tests.test_rinomagic_flows.TestSurvival" name="test_player_join_via_invite" time="1.492" /><testcase classname="tests.test_rinomagic_flows.TestSurvival" name="test_locked_teams_initial" time="0.291" /><testcase classname="tests.test_rinomagic_flows.TestSurvival" name="test_submit_wrong_count_400" time="0.295" /><testcase classname="tests.test_rinomagic_flows.TestSurvival" name="test_submit_picks_ok" time="0.892" /><testcase classname="tests.test_rinomagic_flows.TestSurvival" name="test_participants_lists_players" time="0.403" /></testsuite></testsuites>