<?xml version="1.0" encoding="utf-8"?><testsuites name="pytest tests"><testsuite name="pytest" errors="0" failures="0" skipped="0" tests="19" time="11.446" timestamp="2026-08-17T12:20:53.982617+00:00" hostname="agent-env-c2317b9b-a67c-4475-8dd7-ebee6ab641bb"><testcase classname="tests.test_backend.TestAuth" name="test_login_player" time="1.663" /><testcase classname="tests.test_backend.TestSerieA" name="test_matchdays" time="2.376" /><testcase classname="tests.test_backend.TestAuth" name="test_login_admin" time="0.608" /><testcase classname="tests.test_backend.TestAuth" name="test_login_wrong_password" time="0.528" /><testcase classname="tests.test_backend.TestSerieA" name="test_teams" time="0.420" /><testcase classname="tests.test_backend.TestSerieA" name="test_calendar_matchday1" time="0.290" /><testcase classname="tests.test_backend.TestAuth" name="test_me" time="0.247" /><testcase classname="tests.test_backend.TestAuth" name="test_me_no_token" time="0.111" /><testcase classname="tests.test_backend.TestSerieA" name="test_players_pagination_filter" time="0.405" /><testcase classname="tests.test_backend.TestPWA" name="test_manifest" time="0.134" /><testcase classname="tests.test_backend.TestPWA" name="test_sw" time="0.135" /><testcase classname="tests.test_backend.TestPWA" name="test_icons" time="0.499" /><testcase classname="tests.test_backend.TestSerieA" name="test_players_role_filter" time="0.359" /><testcase classname="tests.test_backend.TestSerieA" name="test_players_search" time="0.367" /><testcase classname="tests.test_backend.TestPWA" name="test_vapid_public_key" time="0.145" /><testcase classname="tests.test_backend.TestPWA" name="test_push_subscribe_requires_auth" time="0.137" /><testcase classname="tests.test_backend.TestSurvival" name="test_full_flow" time="6.677" /><testcase classname="tests.test_backend.TestTiket" name="test_full_flow" time="5.144" /><testcase classname="tests.test_backend.TestTiket" name="test_invalid_prediction" time="0.343" /></testsuite></testsuites>